2025-01-15 06:50:56,085 - loggin - INFO - Configurations loaded successfully:
2025-01-15 06:50:56,094 - loggin - INFO - Starting the job application automation script.
2025-01-15 06:50:56,145 - loggin - INFO - Updated configurations with personal information:
2025-01-15 06:50:56,152 - loggin - INFO - Debugging: Configurations loaded successfully.
2025-01-15 06:50:56,152 - loggin - INFO - Initializing WebDriver
2025-01-15 06:50:58,075 - loggin - INFO - Starting login process
2025-01-15 06:50:59,169 - loggin - INFO - Page title after clicking login: Sign In
2025-01-15 06:50:59,587 - loggin - INFO - Attempting to click the student portal link.
2025-01-15 06:51:09,640 - loggin - INFO - Extra page did not appear, proceeding with login.
2025-01-15 06:51:09,641 - loggin - INFO - Login successful.
2025-01-15 06:51:09,641 - loggin - INFO - Navigating to Co-op jobs page.
2025-01-15 06:51:18,354 - loggin - INFO - Reached Co-op jobs page.
2025-01-15 06:51:18,367 - loggin - INFO - Number of tables found: 2
2025-01-15 06:51:18,367 - loggin - INFO - Retrieving job links.
2025-01-15 06:51:18,406 - loggin - INFO - Found 93 job links.
2025-01-15 06:51:18,406 - loggin - INFO - Processing job page.
2025-01-15 06:51:19,946 - loggin - INFO - Retrieving company name...
2025-01-15 06:51:19,958 - loggin - INFO - Retrieving position title...
2025-01-15 06:51:19,968 - loggin - INFO - Retrieving job description...
2025-01-15 06:51:19,978 - loggin - INFO - Retrieving application method...
2025-01-15 06:51:20,120 - loggin - INFO - Checking for the APPLY button.
2025-01-15 06:51:20,130 - loggin - INFO - APPLY button found.
2025-01-15 06:51:20,131 - loggin - INFO - Using regex pattern: (?i)(Python)
2025-01-15 06:51:20,131 - loggin - INFO - Job 'iprdlabtechnologistcoopintern15635' does not match criteria. Skipping application.
2025-01-15 06:51:20,131 - loggin - INFO - Closing job page.
2025-01-15 06:51:20,197 - loggin - INFO - Closed the job page tab.
2025-01-15 06:51:20,206 - loggin - INFO - Switched back to the main window.
2025-01-15 06:51:20,206 - loggin - INFO - Processing job page.
2025-01-15 06:51:21,966 - loggin - INFO - Retrieving company name...
2025-01-15 06:51:21,986 - loggin - INFO - Retrieving position title...
2025-01-15 06:51:22,001 - loggin - INFO - Retrieving job description...
2025-01-15 06:51:22,012 - loggin - INFO - Retrieving application method...
2025-01-15 06:51:22,155 - loggin - INFO - Checking for the APPLY button.
2025-01-15 06:51:22,167 - loggin - INFO - APPLY button found.
2025-01-15 06:51:22,167 - loggin - INFO - Using regex pattern: (?i)(Python)
2025-01-15 06:51:22,168 - loggin - INFO - Job 'engineeringlabtechniciancoopintern15631' does not match criteria. Skipping application.
2025-01-15 06:51:22,168 - loggin - INFO - Closing job page.
2025-01-15 06:51:22,234 - loggin - INFO - Closed the job page tab.
2025-01-15 06:51:22,244 - loggin - INFO - Switched back to the main window.
2025-01-15 06:51:22,245 - loggin - INFO - Processing job page.
2025-01-15 06:51:24,051 - loggin - INFO - Retrieving company name...
2025-01-15 06:51:24,067 - loggin - INFO - Retrieving position title...
2025-01-15 06:51:24,084 - loggin - INFO - Retrieving job description...
2025-01-15 06:51:24,094 - loggin - INFO - Retrieving application method...
2025-01-15 06:51:24,218 - loggin - INFO - Checking for the APPLY button.
2025-01-15 06:51:24,229 - loggin - INFO - APPLY button found.
2025-01-15 06:51:24,229 - loggin - INFO - Using regex pattern: (?i)(Python)
2025-01-15 06:51:24,229 - loggin - INFO - Job 'npilabsupportcoopintern15481' does not match criteria. Skipping application.
2025-01-15 06:51:24,230 - loggin - INFO - Closing job page.
2025-01-15 06:51:24,286 - loggin - INFO - Closed the job page tab.
2025-01-15 06:51:24,296 - loggin - INFO - Switched back to the main window.
2025-01-15 06:51:24,297 - loggin - INFO - Processing job page.
2025-01-15 06:51:26,069 - loggin - INFO - Retrieving company name...
2025-01-15 06:51:26,082 - loggin - INFO - Retrieving position title...
2025-01-15 06:51:26,098 - loggin - INFO - Retrieving job description...
2025-01-15 06:51:26,112 - loggin - INFO - Retrieving application method...
2025-01-15 06:51:26,218 - loggin - INFO - Checking for the APPLY button.
2025-01-15 06:51:36,268 - loggin - INFO - No APPLY button found for userterminalengineeringcoop. Possible duplicate application. Closing page.
2025-01-15 06:51:36,268 - loggin - INFO - Closing job page.
2025-01-15 06:51:36,323 - loggin - INFO - Closed the job page tab.
2025-01-15 06:51:36,341 - loggin - INFO - Switched back to the main window.
2025-01-15 06:51:36,342 - loggin - INFO - Processing job page.
2025-01-15 06:51:38,316 - loggin - INFO - Retrieving company name...
2025-01-15 06:51:38,333 - loggin - INFO - Retrieving position title...
2025-01-15 06:51:38,346 - loggin - INFO - Retrieving job description...
2025-01-15 06:51:38,358 - loggin - INFO - Retrieving application method...
2025-01-15 06:51:38,501 - loggin - INFO - Checking for the APPLY button.
2025-01-15 06:51:48,519 - loggin - INFO - No APPLY button found for onboardpayloadembeddedsoftwareengineeringcoop. Possible duplicate application. Closing page.
2025-01-15 06:51:48,520 - loggin - INFO - Closing job page.
2025-01-15 06:51:48,577 - loggin - INFO - Closed the job page tab.
2025-01-15 06:51:48,588 - loggin - INFO - Switched back to the main window.
2025-01-15 06:51:48,588 - loggin - INFO - Processing job page.
2025-01-15 06:51:50,550 - loggin - INFO - Retrieving company name...
2025-01-15 06:51:50,567 - loggin - INFO - Retrieving position title...
2025-01-15 06:51:50,578 - loggin - INFO - Retrieving job description...
2025-01-15 06:51:50,593 - loggin - INFO - Retrieving application method...
2025-01-15 06:51:50,696 - loggin - INFO - Checking for the APPLY button.
2025-01-15 06:51:50,708 - loggin - INFO - APPLY button found.
2025-01-15 06:51:50,708 - loggin - INFO - Using regex pattern: (?i)(Python)
2025-01-15 06:51:50,708 - loggin - INFO - Job 'systemengineering' does not match criteria. Skipping application.
2025-01-15 06:51:50,709 - loggin - INFO - Closing job page.
2025-01-15 06:51:50,766 - loggin - INFO - Closed the job page tab.
2025-01-15 06:51:50,781 - loggin - INFO - Switched back to the main window.
2025-01-15 06:51:50,782 - loggin - INFO - Processing job page.
2025-01-15 06:51:52,557 - loggin - INFO - Retrieving company name...
2025-01-15 06:51:52,573 - loggin - INFO - Retrieving position title...
2025-01-15 06:51:52,585 - loggin - INFO - Retrieving job description...
2025-01-15 06:51:52,597 - loggin - INFO - Retrieving application method...
2025-01-15 06:51:52,700 - loggin - INFO - Checking for the APPLY button.
2025-01-15 06:52:02,761 - loggin - INFO - No APPLY button found for cloudsoftwareengineercoopposition. Possible duplicate application. Closing page.
2025-01-15 06:52:02,762 - loggin - INFO - Closing job page.
2025-01-15 06:52:02,824 - loggin - INFO - Closed the job page tab.
2025-01-15 06:52:02,834 - loggin - INFO - Switched back to the main window.
2025-01-15 06:52:02,835 - loggin - INFO - Processing job page.
2025-01-15 06:52:04,782 - loggin - INFO - Retrieving company name...
2025-01-15 06:52:04,795 - loggin - INFO - Retrieving position title...
2025-01-15 06:52:04,808 - loggin - INFO - Retrieving job description...
2025-01-15 06:52:04,822 - loggin - INFO - Retrieving application method...
2025-01-15 06:52:04,933 - loggin - INFO - Checking for the APPLY button.
2025-01-15 06:52:04,945 - loggin - INFO - APPLY button found.
2025-01-15 06:52:04,945 - loggin - INFO - Using regex pattern: (?i)(Python)
2025-01-15 06:52:04,946 - loggin - INFO - Job 'juniordataanalyst' does not match criteria. Skipping application.
2025-01-15 06:52:04,946 - loggin - INFO - Closing job page.
2025-01-15 06:52:05,013 - loggin - INFO - Closed the job page tab.
2025-01-15 06:52:05,022 - loggin - INFO - Switched back to the main window.
2025-01-15 06:52:05,023 - loggin - INFO - Processing job page.
2025-01-15 06:52:06,781 - loggin - INFO - Retrieving company name...
2025-01-15 06:52:06,793 - loggin - INFO - Retrieving position title...
2025-01-15 06:52:06,803 - loggin - INFO - Retrieving job description...
2025-01-15 06:52:06,818 - loggin - INFO - Retrieving application method...
2025-01-15 06:52:06,937 - loggin - INFO - External job application found via URL. Saving description and closing page.
2025-01-15 06:52:06,937 - loggin - INFO - Saving job description for: coopstudentplanning15732
2025-01-15 06:52:06,938 - loggin - INFO - Job description saved to: C:\Users\simon\Desktop\Code_2025\carleton_cheese\automating_my_job_applications\new_beginings\./data_folder/output/ExternalApplications\coopstudentplanning15732.txt
2025-01-15 06:52:06,938 - loggin - INFO - Closing job page.
2025-01-15 06:52:06,994 - loggin - INFO - Closed the job page tab.
2025-01-15 06:52:07,006 - loggin - INFO - Switched back to the main window.
2025-01-15 06:52:07,007 - loggin - INFO - Processing job page.
2025-01-15 06:52:09,378 - loggin - INFO - Retrieving company name...
2025-01-15 06:52:09,391 - loggin - INFO - Retrieving position title...
2025-01-15 06:52:09,402 - loggin - INFO - Retrieving job description...
2025-01-15 06:52:09,414 - loggin - INFO - Retrieving application method...
2025-01-15 06:52:09,555 - loggin - INFO - Checking for the APPLY button.
2025-01-15 06:52:19,610 - loggin - INFO - No APPLY button found for leosatellitebusandsystemsengineeringcoop. Possible duplicate application. Closing page.
2025-01-15 06:52:19,610 - loggin - INFO - Closing job page.
2025-01-15 06:52:19,672 - loggin - INFO - Closed the job page tab.
2025-01-15 06:52:19,683 - loggin - INFO - Switched back to the main window.
2025-01-15 06:52:19,684 - loggin - INFO - Processing job page.
2025-01-15 06:52:22,190 - loggin - INFO - Retrieving company name...
2025-01-15 06:52:22,203 - loggin - INFO - Retrieving position title...
2025-01-15 06:52:22,213 - loggin - INFO - Retrieving job description...
2025-01-15 06:52:22,225 - loggin - INFO - Retrieving application method...
2025-01-15 06:52:22,343 - loggin - INFO - Checking for the APPLY button.
2025-01-15 06:52:22,353 - loggin - INFO - APPLY button found.
2025-01-15 06:52:22,353 - loggin - INFO - Using regex pattern: (?i)(Python)
2025-01-15 06:52:22,354 - loggin - INFO - Job 'softwaredeveloperidsystemscoop' does not match criteria. Skipping application.
2025-01-15 06:52:22,354 - loggin - INFO - Closing job page.
2025-01-15 06:52:22,417 - loggin - INFO - Closed the job page tab.
2025-01-15 06:52:22,432 - loggin - INFO - Switched back to the main window.
2025-01-15 06:52:22,432 - loggin - INFO - Processing job page.
2025-01-15 06:52:24,188 - loggin - INFO - Retrieving company name...
2025-01-15 06:52:24,199 - loggin - INFO - Retrieving position title...
2025-01-15 06:52:24,211 - loggin - INFO - Retrieving job description...
2025-01-15 06:52:24,222 - loggin - INFO - Retrieving application method...
2025-01-15 06:52:24,323 - loggin - INFO - Checking for the APPLY button.
2025-01-15 06:52:24,335 - loggin - INFO - APPLY button found.
2025-01-15 06:52:24,335 - loggin - INFO - Using regex pattern: (?i)(Python)
2025-01-15 06:52:24,336 - loggin - INFO - Job 'softwaredevelopmentenvironmentanddevopsdeveloper' matches criteria. Initiating application process.
2025-01-15 06:52:44,162 - loggin - INFO - Cover letter created and saved for: ribboncommunicationshumanresourcessoftwaredevelopmentenvironmentanddevopsdevelopercoverletter at C:\Users\simon\Desktop\Code_2025\carleton_cheese\automating_my_job_applications\new_beginings\data_folder\output\tailored_cover_letters\ribboncommunicationshumanresourcessoftwaredevelopmentenvironmentanddevopsdevelopercoverletter.pdf
2025-01-15 06:52:44,163 - loggin - INFO - Uploading cover letter for: ribboncommunicationshumanresourcessoftwaredevelopmentenvironmentanddevopsdevelopercoverletter
2025-01-15 06:52:50,449 - loggin - INFO - waiting for the file to upload
2025-01-15 06:52:54,808 - loggin - INFO - Successfully uploaded cover letter for: ribboncommunicationshumanresourcessoftwaredevelopmentenvironmentanddevopsdevelopercoverletter
2025-01-15 06:52:54,809 - loggin - INFO - Cover letter file path: C:\Users\simon\Desktop\Code_2025\carleton_cheese\automating_my_job_applications\new_beginings\data_folder\output\tailored_cover_letters\ribboncommunicationshumanresourcessoftwaredevelopmentenvironmentanddevopsdevelopercoverletter.pdf
2025-01-15 06:52:54,816 - loggin - INFO - Cover letter for ribboncommunicationshumanresourcessoftwaredevelopmentenvironmentanddevopsdevelopercoverletter has been uploaded.
2025-01-15 06:52:54,817 - loggin - INFO - Creating and sending application package for: ribboncommunicationshumanresourcessoftwaredevelopmentenvironmentanddevopsdevelopercoverletter
2025-01-15 06:52:54,826 - loggin - INFO - Current page title: Carleton MySuccess - MyAccount - Co-op Program - Co-op Jobs
2025-01-15 06:52:56,611 - loggin - INFO - Application package has been successfully sent for: ribboncommunicationshumanresourcessoftwaredevelopmentenvironmentanddevopsdevelopercoverletter. Good luck!
2025-01-15 06:52:56,615 - loggin - INFO - Confirmed that the application package for ribboncommunicationshumanresourcessoftwaredevelopmentenvironmentanddevopsdevelopercoverletter was sent.
2025-01-15 06:52:56,616 - loggin - INFO - Successfully applied for the job.
2025-01-15 06:52:56,616 - loggin - INFO - Processed job: ribboncommunicationshumanresourcessoftwaredevelopmentenvironmentanddevopsdevelopercoverletter
2025-01-15 06:52:56,683 - loggin - INFO - Processing job page.
2025-01-15 06:52:58,733 - loggin - INFO - Retrieving company name...
2025-01-15 06:52:58,753 - loggin - INFO - Retrieving position title...
2025-01-15 06:52:58,765 - loggin - INFO - Retrieving job description...
2025-01-15 06:52:58,779 - loggin - INFO - Retrieving application method...
2025-01-15 06:52:59,110 - loggin - INFO - External job application found via URL. Saving description and closing page.
2025-01-15 06:52:59,110 - loggin - INFO - Saving job description for: hydroonesummer2025positionsvarious
2025-01-15 06:52:59,111 - loggin - INFO - Job description saved to: C:\Users\simon\Desktop\Code_2025\carleton_cheese\automating_my_job_applications\new_beginings\./data_folder/output/ExternalApplications\hydroonesummer2025positionsvarious.txt
2025-01-15 06:52:59,111 - loggin - INFO - Closing job page.
2025-01-15 06:52:59,168 - loggin - INFO - Closed the job page tab.
2025-01-15 06:52:59,178 - loggin - INFO - Switched back to the main window.
2025-01-15 06:52:59,178 - loggin - INFO - Processing job page.
2025-01-15 06:53:01,004 - loggin - INFO - Retrieving company name...
2025-01-15 06:53:01,018 - loggin - INFO - Retrieving position title...
2025-01-15 06:53:01,027 - loggin - INFO - Retrieving job description...
2025-01-15 06:53:01,043 - loggin - INFO - Retrieving application method...
2025-01-15 06:53:01,185 - loggin - INFO - Checking for the APPLY button.
2025-01-15 06:53:01,196 - loggin - INFO - APPLY button found.
2025-01-15 06:53:01,197 - loggin - INFO - Using regex pattern: (?i)(Python)
2025-01-15 06:53:01,197 - loggin - INFO - Job 'coopqualityassurance' does not match criteria. Skipping application.
2025-01-15 06:53:01,197 - loggin - INFO - Closing job page.
2025-01-15 06:53:01,255 - loggin - INFO - Closed the job page tab.
2025-01-15 06:53:01,267 - loggin - INFO - Switched back to the main window.
2025-01-15 06:53:01,267 - loggin - INFO - Processing job page.
2025-01-15 06:53:03,154 - loggin - INFO - Retrieving company name...
2025-01-15 06:53:03,167 - loggin - INFO - Retrieving position title...
2025-01-15 06:53:03,182 - loggin - INFO - Retrieving job description...
2025-01-15 06:53:03,193 - loggin - INFO - Retrieving application method...
2025-01-15 06:53:03,358 - loggin - INFO - Checking for the APPLY button.
2025-01-15 06:53:03,373 - loggin - INFO - APPLY button found.
2025-01-15 06:53:03,374 - loggin - INFO - Using regex pattern: (?i)(Python)
2025-01-15 06:53:03,374 - loggin - INFO - Job 'governanceanalyst' does not match criteria. Skipping application.
2025-01-15 06:53:03,375 - loggin - INFO - Closing job page.
2025-01-15 06:53:03,444 - loggin - INFO - Closed the job page tab.
2025-01-15 06:53:03,463 - loggin - INFO - Switched back to the main window.
2025-01-15 06:53:03,463 - loggin - INFO - Processing job page.
2025-01-15 06:53:05,264 - loggin - INFO - Retrieving company name...
2025-01-15 06:53:05,278 - loggin - INFO - Retrieving position title...
2025-01-15 06:53:05,290 - loggin - INFO - Retrieving job description...
2025-01-15 06:53:05,308 - loggin - INFO - Retrieving application method...
2025-01-15 06:53:05,420 - loggin - INFO - Checking for the APPLY button.
2025-01-15 06:53:05,431 - loggin - INFO - APPLY button found.
2025-01-15 06:53:05,431 - loggin - INFO - Using regex pattern: (?i)(Python)
2025-01-15 06:53:05,431 - loggin - INFO - Job 'juniorinformationmanagementoperationsassociate' does not match criteria. Skipping application.
2025-01-15 06:53:05,432 - loggin - INFO - Closing job page.
2025-01-15 06:53:05,496 - loggin - INFO - Closed the job page tab.
2025-01-15 06:53:05,508 - loggin - INFO - Switched back to the main window.
2025-01-15 06:53:05,510 - loggin - INFO - Processing job page.
2025-01-15 06:53:07,326 - loggin - INFO - Retrieving company name...
2025-01-15 06:53:07,340 - loggin - INFO - Retrieving position title...
2025-01-15 06:53:07,352 - loggin - INFO - Retrieving job description...
2025-01-15 06:53:07,361 - loggin - INFO - Retrieving application method...
2025-01-15 06:53:07,523 - loggin - INFO - External job application found via URL. Saving description and closing page.
2025-01-15 06:53:07,523 - loggin - INFO - Saving job description for: publicsectorsalesmarketresearchintern4or8months20766
2025-01-15 06:53:07,525 - loggin - INFO - Job description saved to: C:\Users\simon\Desktop\Code_2025\carleton_cheese\automating_my_job_applications\new_beginings\./data_folder/output/ExternalApplications\publicsectorsalesmarketresearchintern4or8months20766.txt
2025-01-15 06:53:07,525 - loggin - INFO - Closing job page.
2025-01-15 06:53:07,581 - loggin - INFO - Closed the job page tab.
2025-01-15 06:53:07,594 - loggin - INFO - Switched back to the main window.
2025-01-15 06:53:07,596 - loggin - INFO - Processing job page.
2025-01-15 06:53:09,436 - loggin - INFO - Retrieving company name...
2025-01-15 06:53:09,451 - loggin - INFO - Retrieving position title...
2025-01-15 06:53:09,461 - loggin - INFO - Retrieving job description...
2025-01-15 06:53:09,475 - loggin - INFO - Retrieving application method...
2025-01-15 06:53:09,632 - loggin - INFO - External job application found via URL. Saving description and closing page.
2025-01-15 06:53:09,632 - loggin - INFO - Saving job description for: changemanagementintern20746
2025-01-15 06:53:09,633 - loggin - INFO - Job description saved to: C:\Users\simon\Desktop\Code_2025\carleton_cheese\automating_my_job_applications\new_beginings\./data_folder/output/ExternalApplications\changemanagementintern20746.txt
2025-01-15 06:53:09,634 - loggin - INFO - Closing job page.
2025-01-15 06:53:09,700 - loggin - INFO - Closed the job page tab.
2025-01-15 06:53:09,710 - loggin - INFO - Switched back to the main window.
2025-01-15 06:53:09,711 - loggin - INFO - Processing job page.
2025-01-15 06:53:11,538 - loggin - INFO - Retrieving company name...
2025-01-15 06:53:11,552 - loggin - INFO - Retrieving position title...
2025-01-15 06:53:11,567 - loggin - INFO - Retrieving job description...
2025-01-15 06:53:11,577 - loggin - INFO - Retrieving application method...
2025-01-15 06:53:11,706 - loggin - INFO - Checking for the APPLY button.
2025-01-15 06:53:11,718 - loggin - INFO - APPLY button found.
2025-01-15 06:53:11,718 - loggin - INFO - Using regex pattern: (?i)(Python)
2025-01-15 06:53:11,718 - loggin - INFO - Job 'technicalsecurityservicesadvancedsolutions' does not match criteria. Skipping application.
2025-01-15 06:53:11,718 - loggin - INFO - Closing job page.
2025-01-15 06:53:11,782 - loggin - INFO - Closed the job page tab.
2025-01-15 06:53:11,796 - loggin - INFO - Switched back to the main window.
2025-01-15 06:53:11,797 - loggin - INFO - Processing job page.
2025-01-15 06:53:13,655 - loggin - INFO - Retrieving company name...
2025-01-15 06:53:13,680 - loggin - INFO - Retrieving position title...
2025-01-15 06:53:13,692 - loggin - INFO - Retrieving job description...
2025-01-15 06:53:13,704 - loggin - INFO - Retrieving application method...
2025-01-15 06:53:13,809 - loggin - INFO - Checking for the APPLY button.
2025-01-15 06:53:13,824 - loggin - INFO - APPLY button found.
2025-01-15 06:53:13,824 - loggin - INFO - Using regex pattern: (?i)(Python)
2025-01-15 06:53:13,826 - loggin - INFO - Job 'systemssoftwarestudent2' matches criteria. Initiating application process.
2025-01-15 06:53:29,048 - loggin - INFO - Cover letter created and saved for: fordmotorcompanyofcanadahumanresourcessystemssoftwarestudent2coverletter at C:\Users\simon\Desktop\Code_2025\carleton_cheese\automating_my_job_applications\new_beginings\data_folder\output\tailored_cover_letters\fordmotorcompanyofcanadahumanresourcessystemssoftwarestudent2coverletter.pdf
2025-01-15 06:53:29,048 - loggin - INFO - Uploading cover letter for: fordmotorcompanyofcanadahumanresourcessystemssoftwarestudent2coverletter
2025-01-15 06:53:35,762 - loggin - INFO - waiting for the file to upload
2025-01-15 06:53:40,192 - loggin - INFO - Successfully uploaded cover letter for: fordmotorcompanyofcanadahumanresourcessystemssoftwarestudent2coverletter
2025-01-15 06:53:40,193 - loggin - INFO - Cover letter file path: C:\Users\simon\Desktop\Code_2025\carleton_cheese\automating_my_job_applications\new_beginings\data_folder\output\tailored_cover_letters\fordmotorcompanyofcanadahumanresourcessystemssoftwarestudent2coverletter.pdf
2025-01-15 06:53:40,198 - loggin - INFO - Cover letter for fordmotorcompanyofcanadahumanresourcessystemssoftwarestudent2coverletter has been uploaded.
2025-01-15 06:53:40,198 - loggin - INFO - Creating and sending application package for: fordmotorcompanyofcanadahumanresourcessystemssoftwarestudent2coverletter
2025-01-15 06:53:40,206 - loggin - INFO - Current page title: Carleton MySuccess - MyAccount - Co-op Program - Co-op Jobs
2025-01-15 06:53:41,843 - loggin - INFO - Application package has been successfully sent for: fordmotorcompanyofcanadahumanresourcessystemssoftwarestudent2coverletter. Good luck!
2025-01-15 06:53:41,849 - loggin - INFO - Confirmed that the application package for fordmotorcompanyofcanadahumanresourcessystemssoftwarestudent2coverletter was sent.
2025-01-15 06:53:41,849 - loggin - INFO - Successfully applied for the job.
2025-01-15 06:53:41,850 - loggin - INFO - Processed job: fordmotorcompanyofcanadahumanresourcessystemssoftwarestudent2coverletter
2025-01-15 06:53:41,912 - loggin - INFO - Processing job page.
2025-01-15 06:53:43,902 - loggin - INFO - Retrieving company name...
2025-01-15 06:53:43,920 - loggin - INFO - Retrieving position title...
2025-01-15 06:53:43,933 - loggin - INFO - Retrieving job description...
2025-01-15 06:53:43,948 - loggin - INFO - Retrieving application method...
2025-01-15 06:53:44,052 - loggin - INFO - Checking for the APPLY button.
2025-01-15 06:53:44,062 - loggin - INFO - APPLY button found.
2025-01-15 06:53:44,063 - loggin - INFO - Using regex pattern: (?i)(Python)
2025-01-15 06:53:44,063 - loggin - INFO - Job 'platformsoftwaredeveloperintern33' does not match criteria. Skipping application.
2025-01-15 06:53:44,063 - loggin - INFO - Closing job page.
2025-01-15 06:53:44,128 - loggin - INFO - Closed the job page tab.
2025-01-15 06:53:44,136 - loggin - INFO - Switched back to the main window.
2025-01-15 06:53:44,136 - loggin - INFO - Processing job page.
2025-01-15 06:53:45,934 - loggin - INFO - Retrieving company name...
2025-01-15 06:53:45,949 - loggin - INFO - Retrieving position title...
2025-01-15 06:53:45,964 - loggin - INFO - Retrieving job description...
2025-01-15 06:53:45,977 - loggin - INFO - Retrieving application method...
2025-01-15 06:53:46,103 - loggin - INFO - Checking for the APPLY button.
2025-01-15 06:53:46,113 - loggin - INFO - APPLY button found.
2025-01-15 06:53:46,114 - loggin - INFO - Using regex pattern: (?i)(Python)
2025-01-15 06:53:46,114 - loggin - INFO - Job 'hardwaredevelopmentintern25' does not match criteria. Skipping application.
2025-01-15 06:53:46,114 - loggin - INFO - Closing job page.
2025-01-15 06:53:46,177 - loggin - INFO - Closed the job page tab.
2025-01-15 06:53:46,188 - loggin - INFO - Switched back to the main window.
2025-01-15 06:53:46,188 - loggin - INFO - Processing job page.
2025-01-15 06:53:48,022 - loggin - INFO - Retrieving company name...
2025-01-15 06:53:48,038 - loggin - INFO - Retrieving position title...
2025-01-15 06:53:48,055 - loggin - INFO - Retrieving job description...
2025-01-15 06:53:48,070 - loggin - INFO - Retrieving application method...
2025-01-15 06:53:48,180 - loggin - INFO - Checking for the APPLY button.
2025-01-15 06:53:58,223 - loggin - INFO - No APPLY button found for testautomationcoop23. Possible duplicate application. Closing page.
2025-01-15 06:53:58,223 - loggin - INFO - Closing job page.
2025-01-15 06:53:58,279 - loggin - INFO - Closed the job page tab.
2025-01-15 06:53:58,289 - loggin - INFO - Switched back to the main window.
2025-01-15 06:53:58,289 - loggin - INFO - Processing job page.
2025-01-15 06:54:01,050 - loggin - INFO - Retrieving company name...
2025-01-15 06:54:01,061 - loggin - INFO - Retrieving position title...
2025-01-15 06:54:01,073 - loggin - INFO - Retrieving job description...
2025-01-15 06:54:01,086 - loggin - INFO - Retrieving application method...
2025-01-15 06:54:01,194 - loggin - INFO - Checking for the APPLY button.
2025-01-15 06:54:01,206 - loggin - INFO - APPLY button found.
2025-01-15 06:54:01,206 - loggin - INFO - Using regex pattern: (?i)(Python)
2025-01-15 06:54:01,206 - loggin - INFO - Job 'firmwaredevelopmentstudent21' matches criteria. Initiating application process.
2025-01-15 06:54:15,495 - loggin - INFO - Cover letter created and saved for: fordmotorcompanyofcanadahumanresourcesfirmwaredevelopmentstudent21coverletter at C:\Users\simon\Desktop\Code_2025\carleton_cheese\automating_my_job_applications\new_beginings\data_folder\output\tailored_cover_letters\fordmotorcompanyofcanadahumanresourcesfirmwaredevelopmentstudent21coverletter.pdf
2025-01-15 06:54:15,495 - loggin - INFO - Uploading cover letter for: fordmotorcompanyofcanadahumanresourcesfirmwaredevelopmentstudent21coverletter
2025-01-15 06:54:21,732 - loggin - INFO - waiting for the file to upload
2025-01-15 06:54:26,042 - loggin - INFO - Successfully uploaded cover letter for: fordmotorcompanyofcanadahumanresourcesfirmwaredevelopmentstudent21coverletter
2025-01-15 06:54:26,043 - loggin - INFO - Cover letter file path: C:\Users\simon\Desktop\Code_2025\carleton_cheese\automating_my_job_applications\new_beginings\data_folder\output\tailored_cover_letters\fordmotorcompanyofcanadahumanresourcesfirmwaredevelopmentstudent21coverletter.pdf
2025-01-15 06:54:26,049 - loggin - INFO - Cover letter for fordmotorcompanyofcanadahumanresourcesfirmwaredevelopmentstudent21coverletter has been uploaded.
2025-01-15 06:54:26,049 - loggin - INFO - Creating and sending application package for: fordmotorcompanyofcanadahumanresourcesfirmwaredevelopmentstudent21coverletter
2025-01-15 06:54:26,060 - loggin - INFO - Current page title: Carleton MySuccess - MyAccount - Co-op Program - Co-op Jobs
2025-01-15 06:54:27,747 - loggin - INFO - Application package has been successfully sent for: fordmotorcompanyofcanadahumanresourcesfirmwaredevelopmentstudent21coverletter. Good luck!
2025-01-15 06:54:27,752 - loggin - INFO - Confirmed that the application package for fordmotorcompanyofcanadahumanresourcesfirmwaredevelopmentstudent21coverletter was sent.
2025-01-15 06:54:27,753 - loggin - INFO - Successfully applied for the job.
2025-01-15 06:54:27,753 - loggin - INFO - Processed job: fordmotorcompanyofcanadahumanresourcesfirmwaredevelopmentstudent21coverletter
2025-01-15 06:54:27,822 - loggin - INFO - Processing job page.
2025-01-15 06:54:29,820 - loggin - INFO - Retrieving company name...
2025-01-15 06:54:29,833 - loggin - INFO - Retrieving position title...
2025-01-15 06:54:29,846 - loggin - INFO - Retrieving job description...
2025-01-15 06:54:29,858 - loggin - INFO - Retrieving application method...
2025-01-15 06:54:30,028 - loggin - INFO - Checking for the APPLY button.
2025-01-15 06:54:30,039 - loggin - INFO - APPLY button found.
2025-01-15 06:54:30,039 - loggin - INFO - Using regex pattern: (?i)(Python)
2025-01-15 06:54:30,040 - loggin - INFO - Job 'cloudsoftwaredeveloperintern7' does not match criteria. Skipping application.
2025-01-15 06:54:30,040 - loggin - INFO - Closing job page.
2025-01-15 06:54:30,111 - loggin - INFO - Closed the job page tab.
2025-01-15 06:54:30,121 - loggin - INFO - Switched back to the main window.
2025-01-15 06:54:30,122 - loggin - INFO - Processing job page.
2025-01-15 06:54:31,930 - loggin - INFO - Retrieving company name...
2025-01-15 06:54:31,944 - loggin - INFO - Retrieving position title...
2025-01-15 06:54:31,953 - loggin - INFO - Retrieving job description...
2025-01-15 06:54:31,964 - loggin - INFO - Retrieving application method...
2025-01-15 06:54:32,061 - loggin - INFO - Checking for the APPLY button.
2025-01-15 06:54:32,073 - loggin - INFO - APPLY button found.
2025-01-15 06:54:32,073 - loggin - INFO - Using regex pattern: (?i)(Python)
2025-01-15 06:54:32,073 - loggin - INFO - Job 'softwaredevelopersynchmicoop4' does not match criteria. Skipping application.
2025-01-15 06:54:32,074 - loggin - INFO - Closing job page.
2025-01-15 06:54:32,138 - loggin - INFO - Closed the job page tab.
2025-01-15 06:54:32,148 - loggin - INFO - Switched back to the main window.
2025-01-15 06:54:32,149 - loggin - INFO - Processing job page.
2025-01-15 06:54:34,121 - loggin - INFO - Retrieving company name...
2025-01-15 06:54:34,134 - loggin - INFO - Retrieving position title...
2025-01-15 06:54:34,144 - loggin - INFO - Retrieving job description...
2025-01-15 06:54:34,160 - loggin - INFO - Retrieving application method...
2025-01-15 06:54:34,291 - loggin - INFO - External job application found via URL. Saving description and closing page.
2025-01-15 06:54:34,291 - loggin - INFO - Saving job description for: csiscooprecruitmentforsummer2026
2025-01-15 06:54:34,292 - loggin - INFO - Job description saved to: C:\Users\simon\Desktop\Code_2025\carleton_cheese\automating_my_job_applications\new_beginings\./data_folder/output/ExternalApplications\csiscooprecruitmentforsummer2026.txt
2025-01-15 06:54:34,293 - loggin - INFO - Closing job page.
2025-01-15 06:54:34,354 - loggin - INFO - Closed the job page tab.
2025-01-15 06:54:34,365 - loggin - INFO - Switched back to the main window.
2025-01-15 06:54:34,366 - loggin - INFO - Processing job page.
2025-01-15 06:54:36,183 - loggin - INFO - Retrieving company name...
2025-01-15 06:54:36,195 - loggin - INFO - Retrieving position title...
2025-01-15 06:54:36,206 - loggin - INFO - Retrieving job description...
2025-01-15 06:54:36,219 - loggin - INFO - Retrieving application method...
2025-01-15 06:54:36,335 - loggin - INFO - Checking for the APPLY button.
2025-01-15 06:54:36,346 - loggin - INFO - APPLY button found.
2025-01-15 06:54:36,347 - loggin - INFO - Using regex pattern: (?i)(Python)
2025-01-15 06:54:36,347 - loggin - INFO - Job 'softwaredevelopercoop' does not match criteria. Skipping application.
2025-01-15 06:54:36,347 - loggin - INFO - Closing job page.
2025-01-15 06:54:36,403 - loggin - INFO - Closed the job page tab.
2025-01-15 06:54:36,417 - loggin - INFO - Switched back to the main window.
2025-01-15 06:54:36,418 - loggin - INFO - Processing job page.
2025-01-15 06:54:38,250 - loggin - INFO - Retrieving company name...
2025-01-15 06:54:38,262 - loggin - INFO - Retrieving position title...
2025-01-15 06:54:38,273 - loggin - INFO - Retrieving job description...
2025-01-15 06:54:38,290 - loggin - INFO - Retrieving application method...
2025-01-15 06:54:38,396 - loggin - INFO - External job application found via URL. Saving description and closing page.
2025-01-15 06:54:38,396 - loggin - INFO - Saving job description for: may2025technologystrategyandtransformationsummerinternshipottawa
2025-01-15 06:54:38,397 - loggin - INFO - Job description saved to: C:\Users\simon\Desktop\Code_2025\carleton_cheese\automating_my_job_applications\new_beginings\./data_folder/output/ExternalApplications\may2025technologystrategyandtransformationsummerinternshipottawa.txt
2025-01-15 06:54:38,397 - loggin - INFO - Closing job page.
2025-01-15 06:54:38,461 - loggin - INFO - Closed the job page tab.
2025-01-15 06:54:38,469 - loggin - INFO - Switched back to the main window.
2025-01-15 06:54:38,470 - loggin - INFO - Processing job page.
2025-01-15 06:54:40,319 - loggin - INFO - Retrieving company name...
2025-01-15 06:54:40,332 - loggin - INFO - Retrieving position title...
2025-01-15 06:54:40,341 - loggin - INFO - Retrieving job description...
2025-01-15 06:54:40,355 - loggin - INFO - Retrieving application method...
2025-01-15 06:54:40,502 - loggin - INFO - Checking for the APPLY button.
2025-01-15 06:54:40,513 - loggin - INFO - APPLY button found.
2025-01-15 06:54:40,514 - loggin - INFO - Using regex pattern: (?i)(Python)
2025-01-15 06:54:40,514 - loggin - INFO - Job 'coopstudentmobileappdeveloperwiththeinorganicchemicalmetrologyteam23486' does not match criteria. Skipping application.
2025-01-15 06:54:40,514 - loggin - INFO - Closing job page.
2025-01-15 06:54:40,574 - loggin - INFO - Closed the job page tab.
2025-01-15 06:54:40,591 - loggin - INFO - Switched back to the main window.
2025-01-15 06:54:40,592 - loggin - INFO - Processing job page.
2025-01-15 06:54:42,417 - loggin - INFO - Retrieving company name...
2025-01-15 06:54:42,430 - loggin - INFO - Retrieving position title...
2025-01-15 06:54:42,447 - loggin - INFO - Retrieving job description...
2025-01-15 06:54:42,458 - loggin - INFO - Retrieving application method...
2025-01-15 06:54:42,619 - loggin - INFO - Checking for the APPLY button.
2025-01-15 06:54:42,629 - loggin - INFO - APPLY button found.
2025-01-15 06:54:42,629 - loggin - INFO - Using regex pattern: (?i)(Python)
2025-01-15 06:54:42,630 - loggin - INFO - Job 'coopstudentphotometryandspectrophotometryteam23445' matches criteria. Initiating application process.
